# JRE version: Java(TM) SE Runtime Environment (8.0_181-b13) (build 1.8.0_181-b13)
# Java VM: Java HotSpot(TM) 64-Bit Server VM (25.181-b13 mixed mode windows-amd64 compressed oops)
Heap:
 PSYoungGen      total 1770496K, used 652838K [0x000000066b200000, 0x0000000702900000, 0x00000007c0000000)
  eden space 1611264K, 39% used [0x000000066b200000,0x0000000691d7a248,0x00000006cd780000)
  from space 159232K, 11% used [0x00000006cd780000,0x00000006ce98f928,0x00000006d7300000)
  to   space 156160K, 0% used [0x00000006f9080000,0x00000006f9080000,0x0000000702900000)
 ParOldGen       total 796672K, used 265005K [0x00000003c1600000, 0x00000003f2000000, 0x000000066b200000)
  object space 796672K, 33% used [0x00000003c1600000,0x00000003d18cb7c8,0x00000003f2000000)
 Metaspace       used 44871K, capacity 46722K, committed 46976K, reserved 1091584K
  class space    used 5027K, capacity 5475K, committed 5504K, reserved 1048576K
GC Heap History (10 events):
Event: 132.994 GC heap before
{Heap before GC invocations=13 (full 2):
 PSYoungGen      total 1009664K, used 925524K [0x000000066b200000, 0x00000006b1880000, 0x00000007c0000000)
  eden space 861696K, 100% used [0x000000066b200000,0x000000069fb80000,0x000000069fb80000)
  from space 147968K, 43% used [0x00000006a8800000,0x00000006ac655358,0x00000006b1880000)
  to   space 143872K, 0% used [0x000000069fb80000,0x000000069fb80000,0x00000006a8800000)
 ParOldGen       total 796672K, used 188947K [0x00000003c1600000, 0x00000003f2000000, 0x000000066b200000)
  object space 796672K, 23% used [0x00000003c1600000,0x00000003cce84c78,0x00000003f2000000)
 Metaspace       used 41240K, capacity 42944K, committed 43008K, reserved 1087488K
  class space    used 4656K, capacity 5058K, committed 5120K, reserved 1048576K
Event: 133.110 GC heap after
Heap after GC invocations=13 (full 2):
 PSYoungGen      total 1005568K, used 135285K [0x000000066b200000, 0x00000006c8d00000, 0x00000007c0000000)
  eden space 861696K, 0% used [0x000000066b200000,0x000000066b200000,0x000000069fb80000)
  from space 143872K, 94% used [0x000000069fb80000,0x00000006a7f9d7b0,0x00000006a8800000)
  to   space 161280K, 0% used [0x00000006bef80000,0x00000006bef80000,0x00000006c8d00000)
 ParOldGen       total 796672K, used 235887K [0x00000003c1600000, 0x00000003f2000000, 0x000000066b200000)
  object space 796672K, 29% used [0x00000003c1600000,0x00000003cfc5bde0,0x00000003f2000000)
 Metaspace       used 41240K, capacity 42944K, committed 43008K, reserved 1087488K
  class space    used 4656K, capacity 5058K, committed 5120K, reserved 1048576K
}
Event: 142.389 GC heap before
{Heap before GC invocations=14 (full 2):
 PSYoungGen      total 1005568K, used 996981K [0x000000066b200000, 0x00000006c8d00000, 0x00000007c0000000)
  eden space 861696K, 100% used [0x000000066b200000,0x000000069fb80000,0x000000069fb80000)
  from space 143872K, 94% used [0x000000069fb80000,0x00000006a7f9d7b0,0x00000006a8800000)
  to   space 161280K, 0% used [0x00000006bef80000,0x00000006bef80000,0x00000006c8d00000)
 ParOldGen       total 796672K, used 235887K [0x00000003c1600000, 0x00000003f2000000, 0x000000066b200000)
  object space 796672K, 29% used [0x00000003c1600000,0x00000003cfc5bde0,0x00000003f2000000)
 Metaspace       used 44711K, capacity 46594K, committed 46720K, reserved 1091584K
  class space    used 5016K, capacity 5475K, committed 5504K, reserved 1048576K
Event: 142.421 GC heap after
Heap after GC invocations=14 (full 2):
 PSYoungGen      total 1323520K, used 23019K [0x000000066b200000, 0x00000006c7480000, 0x00000007c0000000)
  eden space 1187328K, 0% used [0x000000066b200000,0x000000066b200000,0x00000006b3980000)
  from space 136192K, 16% used [0x00000006bef80000,0x00000006c05faf40,0x00000006c7480000)
  to   space 161280K, 0% used [0x00000006b3980000,0x00000006b3980000,0x00000006bd700000)
 ParOldGen       total 796672K, used 252326K [0x00000003c1600000, 0x00000003f2000000, 0x000000066b200000)
  object space 796672K, 31% used [0x00000003c1600000,0x00000003d0c69908,0x00000003f2000000)
 Metaspace       used 44711K, capacity 46594K, committed 46720K, reserved 1091584K
  class space    used 5016K, capacity 5475K, committed 5504K, reserved 1048576K
}
Event: 143.724 GC heap before
{Heap before GC invocations=15 (full 2):
 PSYoungGen      total 1323520K, used 1210347K [0x000000066b200000, 0x00000006c7480000, 0x00000007c0000000)
  eden space 1187328K, 100% used [0x000000066b200000,0x00000006b3980000,0x00000006b3980000)
  from space 136192K, 16% used [0x00000006bef80000,0x00000006c05faf40,0x00000006c7480000)
  to   space 161280K, 0% used [0x00000006b3980000,0x00000006b3980000,0x00000006bd700000)
 ParOldGen       total 796672K, used 252326K [0x00000003c1600000, 0x00000003f2000000, 0x000000066b200000)
  object space 796672K, 31% used [0x00000003c1600000,0x00000003d0c69908,0x00000003f2000000)
 Metaspace       used 44747K, capacity 46658K, committed 46720K, reserved 1091584K
  class space    used 5017K, capacity 5475K, committed 5504K, reserved 1048576K
Event: 143.737 GC heap after
Heap after GC invocations=15 (full 2):
 PSYoungGen      total 1348608K, used 8605K [0x000000066b200000, 0x00000006e2000000, 0x00000007c0000000)
  eden space 1187328K, 0% used [0x000000066b200000,0x000000066b200000,0x00000006b3980000)
  from space 161280K, 5% used [0x00000006b3980000,0x00000006b41e7600,0x00000006bd700000)
  to   space 162304K, 0% used [0x00000006d8180000,0x00000006d8180000,0x00000006e2000000)
 ParOldGen       total 796672K, used 261350K [0x00000003c1600000, 0x00000003f2000000, 0x000000066b200000)
  object space 796672K, 32% used [0x00000003c1600000,0x00000003d1539ac0,0x00000003f2000000)
 Metaspace       used 44747K, capacity 46658K, committed 46720K, reserved 1091584K
  class space    used 5017K, capacity 5475K, committed 5504K, reserved 1048576K
}
Event: 145.635 GC heap before
{Heap before GC invocations=16 (full 2):
 PSYoungGen      total 1348608K, used 1195933K [0x000000066b200000, 0x00000006e2000000, 0x00000007c0000000)
  eden space 1187328K, 100% used [0x000000066b200000,0x00000006b3980000,0x00000006b3980000)
  from space 161280K, 5% used [0x00000006b3980000,0x00000006b41e7600,0x00000006bd700000)
  to   space 162304K, 0% used [0x00000006d8180000,0x00000006d8180000,0x00000006e2000000)
 ParOldGen       total 796672K, used 261350K [0x00000003c1600000, 0x00000003f2000000, 0x000000066b200000)
  object space 796672K, 32% used [0x00000003c1600000,0x00000003d1539ac0,0x00000003f2000000)
 Metaspace       used 44856K, capacity 46722K, committed 46976K, reserved 1091584K
  class space    used 5027K, capacity 5475K, committed 5504K, reserved 1048576K
Event: 145.651 GC heap after
Heap after GC invocations=16 (full 2):
 PSYoungGen      total 1755648K, used 21204K [0x000000066b200000, 0x00000006e0e80000, 0x00000007c0000000)
  eden space 1611264K, 0% used [0x000000066b200000,0x000000066b200000,0x00000006cd780000)
  from space 144384K, 14% used [0x00000006d8180000,0x00000006d9635298,0x00000006e0e80000)
  to   space 159232K, 0% used [0x00000006cd780000,0x00000006cd780000,0x00000006d7300000)
 ParOldGen       total 796672K, used 262213K [0x00000003c1600000, 0x00000003f2000000, 0x000000066b200000)
  object space 796672K, 32% used [0x00000003c1600000,0x00000003d1611630,0x00000003f2000000)
 Metaspace       used 44856K, capacity 46722K, committed 46976K, reserved 1091584K
  class space    used 5027K, capacity 5475K, committed 5504K, reserved 1048576K
}
Event: 147.466 GC heap before
{Heap before GC invocations=17 (full 2):
 PSYoungGen      total 1755648K, used 1632468K [0x000000066b200000, 0x00000006e0e80000, 0x00000007c0000000)
  eden space 1611264K, 100% used [0x000000066b200000,0x00000006cd780000,0x00000006cd780000)
  from space 144384K, 14% used [0x00000006d8180000,0x00000006d9635298,0x00000006e0e80000)
  to   space 159232K, 0% used [0x00000006cd780000,0x00000006cd780000,0x00000006d7300000)
 ParOldGen       total 796672K, used 262213K [0x00000003c1600000, 0x00000003f2000000, 0x000000066b200000)
  object space 796672K, 32% used [0x00000003c1600000,0x00000003d1611630,0x00000003f2000000)
 Metaspace       used 44871K, capacity 46722K, committed 46976K, reserved 1091584K
  class space    used 5027K, capacity 5475K, committed 5504K, reserved 1048576K
Event: 147.481 GC heap after
Heap after GC invocations=17 (full 2):
 PSYoungGen      total 1770496K, used 18494K [0x000000066b200000, 0x0000000702900000, 0x00000007c0000000)
  eden space 1611264K, 0% used [0x000000066b200000,0x000000066b200000,0x00000006cd780000)
  from space 159232K, 11% used [0x00000006cd780000,0x00000006ce98f928,0x00000006d7300000)
  to   space 156160K, 0% used [0x00000006f9080000,0x00000006f9080000,0x0000000702900000)
 ParOldGen       total 796672K, used 265005K [0x00000003c1600000, 0x00000003f2000000, 0x000000066b200000)
  object space 796672K, 33% used [0x00000003c1600000,0x00000003d18cb7c8,0x00000003f2000000)
 Metaspace       used 44871K, capacity 46722K, committed 46976K, reserved 1091584K
  class space    used 5027K, capacity 5475K, committed 5504K, reserved 1048576K
}

