# JRE version: Java(TM) SE Runtime Environment (8.0_181-b13) (build 1.8.0_181-b13)
# Java VM: Java HotSpot(TM) 64-Bit Server VM (25.181-b13 mixed mode windows-amd64 compressed oops)
Heap:
 PSYoungGen      total 1374208K, used 546930K [0x000000066b200000, 0x00000006d2a80000, 0x00000007c0000000)
  eden space 1230848K, 41% used [0x000000066b200000,0x000000068aa3bcc0,0x00000006b6400000)
  from space 143360K, 21% used [0x00000006b6400000,0x00000006b81e0df8,0x00000006bf000000)
  to   space 136192K, 0% used [0x00000006ca580000,0x00000006ca580000,0x00000006d2a80000)
 ParOldGen       total 824832K, used 264320K [0x00000003c1600000, 0x00000003f3b80000, 0x000000066b200000)
  object space 824832K, 32% used [0x00000003c1600000,0x00000003d1820358,0x00000003f3b80000)
 Metaspace       used 44863K, capacity 46728K, committed 46976K, reserved 1091584K
  class space    used 5034K, capacity 5473K, committed 5504K, reserved 1048576K
GC Heap History (10 events):
Event: 80.682 GC heap before
{Heap before GC invocations=19 (full 2):
 PSYoungGen      total 1189888K, used 1041198K [0x000000066b200000, 0x00000006cda80000, 0x00000007c0000000)
  eden space 1028608K, 100% used [0x000000066b200000,0x00000006a9e80000,0x00000006a9e80000)
  from space 161280K, 7% used [0x00000006b4100000,0x00000006b4d4ba28,0x00000006bde80000)
  to   space 166400K, 0% used [0x00000006a9e80000,0x00000006a9e80000,0x00000006b4100000)
 ParOldGen       total 824832K, used 264320K [0x00000003c1600000, 0x00000003f3b80000, 0x000000066b200000)
  object space 824832K, 32% used [0x00000003c1600000,0x00000003d1820358,0x00000003f3b80000)
 Metaspace       used 44859K, capacity 46728K, committed 46976K, reserved 1091584K
  class space    used 5034K, capacity 5473K, committed 5504K, reserved 1048576K
Event: 80.692 GC heap after
Heap after GC invocations=19 (full 2):
 PSYoungGen      total 1195008K, used 15802K [0x000000066b200000, 0x00000006c8e80000, 0x00000007c0000000)
  eden space 1028608K, 0% used [0x000000066b200000,0x000000066b200000,0x00000006a9e80000)
  from space 166400K, 9% used [0x00000006a9e80000,0x00000006aadee8f0,0x00000006b4100000)
  to   space 162304K, 0% used [0x00000006bf000000,0x00000006bf000000,0x00000006c8e80000)
 ParOldGen       total 824832K, used 264320K [0x00000003c1600000, 0x00000003f3b80000, 0x000000066b200000)
  object space 824832K, 32% used [0x00000003c1600000,0x00000003d1820358,0x00000003f3b80000)
 Metaspace       used 44859K, capacity 46728K, committed 46976K, reserved 1091584K
  class space    used 5034K, capacity 5473K, committed 5504K, reserved 1048576K
}
Event: 81.908 GC heap before
{Heap before GC invocations=20 (full 2):
 PSYoungGen      total 1195008K, used 1044410K [0x000000066b200000, 0x00000006c8e80000, 0x00000007c0000000)
  eden space 1028608K, 100% used [0x000000066b200000,0x00000006a9e80000,0x00000006a9e80000)
  from space 166400K, 9% used [0x00000006a9e80000,0x00000006aadee8f0,0x00000006b4100000)
  to   space 162304K, 0% used [0x00000006bf000000,0x00000006bf000000,0x00000006c8e80000)
 ParOldGen       total 824832K, used 264320K [0x00000003c1600000, 0x00000003f3b80000, 0x000000066b200000)
  object space 824832K, 32% used [0x00000003c1600000,0x00000003d1820358,0x00000003f3b80000)
 Metaspace       used 44860K, capacity 46728K, committed 46976K, reserved 1091584K
  class space    used 5034K, capacity 5473K, committed 5504K, reserved 1048576K
Event: 81.921 GC heap after
Heap after GC invocations=20 (full 2):
 PSYoungGen      total 1379328K, used 19984K [0x000000066b200000, 0x00000006c8e00000, 0x00000007c0000000)
  eden space 1217536K, 0% used [0x000000066b200000,0x000000066b200000,0x00000006b5700000)
  from space 161792K, 12% used [0x00000006bf000000,0x00000006c0384130,0x00000006c8e00000)
  to   space 156672K, 0% used [0x00000006b5700000,0x00000006b5700000,0x00000006bf000000)
 ParOldGen       total 824832K, used 264320K [0x00000003c1600000, 0x00000003f3b80000, 0x000000066b200000)
  object space 824832K, 32% used [0x00000003c1600000,0x00000003d1820358,0x00000003f3b80000)
 Metaspace       used 44860K, capacity 46728K, committed 46976K, reserved 1091584K
  class space    used 5034K, capacity 5473K, committed 5504K, reserved 1048576K
}
Event: 83.666 GC heap before
{Heap before GC invocations=21 (full 2):
 PSYoungGen      total 1379328K, used 1237520K [0x000000066b200000, 0x00000006c8e00000, 0x00000007c0000000)
  eden space 1217536K, 100% used [0x000000066b200000,0x00000006b5700000,0x00000006b5700000)
  from space 161792K, 12% used [0x00000006bf000000,0x00000006c0384130,0x00000006c8e00000)
  to   space 156672K, 0% used [0x00000006b5700000,0x00000006b5700000,0x00000006bf000000)
 ParOldGen       total 824832K, used 264320K [0x00000003c1600000, 0x00000003f3b80000, 0x000000066b200000)
  object space 824832K, 32% used [0x00000003c1600000,0x00000003d1820358,0x00000003f3b80000)
 Metaspace       used 44860K, capacity 46728K, committed 46976K, reserved 1091584K
  class space    used 5034K, capacity 5473K, committed 5504K, reserved 1048576K
Event: 85.699 GC heap after
Heap after GC invocations=21 (full 2):
 PSYoungGen      total 1374208K, used 24403K [0x000000066b200000, 0x00000006c8e00000, 0x00000007c0000000)
  eden space 1217536K, 0% used [0x000000066b200000,0x000000066b200000,0x00000006b5700000)
  from space 156672K, 15% used [0x00000006b5700000,0x00000006b6ed4e78,0x00000006bf000000)
  to   space 161792K, 0% used [0x00000006bf000000,0x00000006bf000000,0x00000006c8e00000)
 ParOldGen       total 824832K, used 264320K [0x00000003c1600000, 0x00000003f3b80000, 0x000000066b200000)
  object space 824832K, 32% used [0x00000003c1600000,0x00000003d1820358,0x00000003f3b80000)
 Metaspace       used 44860K, capacity 46728K, committed 46976K, reserved 1091584K
  class space    used 5034K, capacity 5473K, committed 5504K, reserved 1048576K
}
Event: 87.577 GC heap before
{Heap before GC invocations=22 (full 2):
 PSYoungGen      total 1374208K, used 1241939K [0x000000066b200000, 0x00000006c8e00000, 0x00000007c0000000)
  eden space 1217536K, 100% used [0x000000066b200000,0x00000006b5700000,0x00000006b5700000)
  from space 156672K, 15% used [0x00000006b5700000,0x00000006b6ed4e78,0x00000006bf000000)
  to   space 161792K, 0% used [0x00000006bf000000,0x00000006bf000000,0x00000006c8e00000)
 ParOldGen       total 824832K, used 264320K [0x00000003c1600000, 0x00000003f3b80000, 0x000000066b200000)
  object space 824832K, 32% used [0x00000003c1600000,0x00000003d1820358,0x00000003f3b80000)
 Metaspace       used 44860K, capacity 46728K, committed 46976K, reserved 1091584K
  class space    used 5034K, capacity 5473K, committed 5504K, reserved 1048576K
Event: 87.589 GC heap after
Heap after GC invocations=22 (full 2):
 PSYoungGen      total 1392640K, used 26400K [0x000000066b200000, 0x00000006d3380000, 0x00000007c0000000)
  eden space 1230848K, 0% used [0x000000066b200000,0x000000066b200000,0x00000006b6400000)
  from space 161792K, 16% used [0x00000006bf000000,0x00000006c09c8290,0x00000006c8e00000)
  to   space 143360K, 0% used [0x00000006b6400000,0x00000006b6400000,0x00000006bf000000)
 ParOldGen       total 824832K, used 264320K [0x00000003c1600000, 0x00000003f3b80000, 0x000000066b200000)
  object space 824832K, 32% used [0x00000003c1600000,0x00000003d1820358,0x00000003f3b80000)
 Metaspace       used 44860K, capacity 46728K, committed 46976K, reserved 1091584K
  class space    used 5034K, capacity 5473K, committed 5504K, reserved 1048576K
}
Event: 90.392 GC heap before
{Heap before GC invocations=23 (full 2):
 PSYoungGen      total 1392640K, used 1257248K [0x000000066b200000, 0x00000006d3380000, 0x00000007c0000000)
  eden space 1230848K, 100% used [0x000000066b200000,0x00000006b6400000,0x00000006b6400000)
  from space 161792K, 16% used [0x00000006bf000000,0x00000006c09c8290,0x00000006c8e00000)
  to   space 143360K, 0% used [0x00000006b6400000,0x00000006b6400000,0x00000006bf000000)
 ParOldGen       total 824832K, used 264320K [0x00000003c1600000, 0x00000003f3b80000, 0x000000066b200000)
  object space 824832K, 32% used [0x00000003c1600000,0x00000003d1820358,0x00000003f3b80000)
 Metaspace       used 44860K, capacity 46728K, committed 46976K, reserved 1091584K
  class space    used 5034K, capacity 5473K, committed 5504K, reserved 1048576K
Event: 90.404 GC heap after
Heap after GC invocations=23 (full 2):
 PSYoungGen      total 1374208K, used 30595K [0x000000066b200000, 0x00000006d2a80000, 0x00000007c0000000)
  eden space 1230848K, 0% used [0x000000066b200000,0x000000066b200000,0x00000006b6400000)
  from space 143360K, 21% used [0x00000006b6400000,0x00000006b81e0df8,0x00000006bf000000)
  to   space 136192K, 0% used [0x00000006ca580000,0x00000006ca580000,0x00000006d2a80000)
 ParOldGen       total 824832K, used 264320K [0x00000003c1600000, 0x00000003f3b80000, 0x000000066b200000)
  object space 824832K, 32% used [0x00000003c1600000,0x00000003d1820358,0x00000003f3b80000)
 Metaspace       used 44860K, capacity 46728K, committed 46976K, reserved 1091584K
  class space    used 5034K, capacity 5473K, committed 5504K, reserved 1048576K
}

